
> verdi@0.1.0 build
> next build

▲ Next.js 16.1.6 (Turbopack)
- Environments: .env.local

  Creating an optimized production build ...

> Build error occurred
Error: Turbopack build failed with 1 errors:
./src/components/app/AppShell.tsx:6:1
Module not found: Can't resolve '@/lib/supabase/client'
[0m [90m 4 |[39m [36mimport[39m { [33mUserProvider[39m } [36mfrom[39m [32m"@/components/app/UserContext"[39m[33m;[39m
 [90m 5 |[39m [36mimport[39m { [33mBell[39m[33m,[39m [33mSearch[39m[33m,[39m [33mUser[39m[33m,[39m [33mZap[39m[33m,[39m [33mLogOut[39m } [36mfrom[39m [32m"lucide-react"[39m[33m;[39m
[31m[1m>[22m[39m[90m 6 |[39m [36mimport[39m { createClient } [36mfrom[39m [32m"@/lib/supabase/client"[39m[33m;[39m
 [90m   |[39m [31m[1m^[22m[39m[31m[1m^[22m[39m[31m[1m^[22m[39m[31m[1m^[22m[39m[31m[1m^[22m[39m[31m[1m^[22m[39m[31m[1m^[22m[39m[31m[1m^[22m[39m[31m[1m^[22m[39m[31m[1m^[22m[39m[31m[1m^[22m[39m[31m[1m^[22m[39m[31m[1m^[22m[39m[31m[1m^[22m[39m[31m[1m^[22m[39m[31m[1m^[22m[39m[31m[1m^[22m[39m[31m[1m^[22m[39m[31m[1m^[22m[39m[31m[1m^[22m[39m[31m[1m^[22m[39m[31m[1m^[22m[39m[31m[1m^[22m[39m[31m[1m^[22m[39m[31m[1m^[22m[39m[31m[1m^[22m[39m[31m[1m^[22m[39m[31m[1m^[22m[39m[31m[1m^[22m[39m[31m[1m^[22m[39m[31m[1m^[22m[39m[31m[1m^[22m[39m[31m[1m^[22m[39m[31m[1m^[22m[39m[31m[1m^[22m[39m[31m[1m^[22m[39m[31m[1m^[22m[39m[31m[1m^[22m[39m[31m[1m^[22m[39m[31m[1m^[22m[39m[31m[1m^[22m[39m[31m[1m^[22m[39m[31m[1m^[22m[39m[31m[1m^[22m[39m[31m[1m^[22m[39m[31m[1m^[22m[39m[31m[1m^[22m[39m[31m[1m^[22m[39m[31m[1m^[22m[39m[31m[1m^[22m[39m[31m[1m^[22m[39m[31m[1m^[22m[39m[31m[1m^[22m[39m
 [90m 7 |[39m [36mimport[39m { useRouter } [36mfrom[39m [32m"next/navigation"[39m[33m;[39m
 [90m 8 |[39m
 [90m 9 |[39m [36minterface[39m [33mAppShellProps[39m {[0m

Import map: aliased to relative './src/lib/supabase/client' inside of [project]/


Import trace:
  Server Component:
    ./src/components/app/AppShell.tsx
    ./src/app/(app)/layout.tsx

https://nextjs.org/docs/messages/module-not-found


    at <unknown> (./src/components/app/AppShell.tsx:6:1)
    at <unknown> (https://nextjs.org/docs/messages/module-not-found)
